Url is opened
Username Entered
Password Entered
Login Test Passed
Url is opened
Username Entered
Password Entered
Login Test Passed
Url is opened
Username Entered
Password Entered
Login Test Passed
Url is opened
Username Entered
Password Entered
Login Test Passed
Url is opened
Username Entered
Password Entered
Login Test Passed
Url is opened
Username Entered
Password Entered
Login Test Passed
Url is opened
Username Entered
Password Entered
Login Test Passed
Url is opened
Username Entered
Password Entered
Login Test Passed
Url is opened
Username Entered
Password Entered
Login Test Passed
Url is opened
Username Entered
Password Entered
user name provided
password provided
user name provided
password provided
Login Passed
user name provided
password provided
user name provided
password provided
user name provided
password provided
user name provided
password provided
user name provided
password provided
Username is provided
Password is provided
Username is provided
Password is provided
Username is provided
Password is provided
Username is provided
Password is provided
Url is opened
Username Entered
Password Entered
Login Test Passed
user name provided
password provided
user name provided
password provided
Login Passed
user name provided
password provided
user name provided
password provided
user name provided
password provided
user name provided
password provided
user name provided
password provided
Username is provided
Password is provided
Url is opened
Username Entered
Password Entered
Login Test Passed
user name provided
password provided
user name provided
password provided
Login Passed
user name provided
password provided
user name provided
password provided
user name provided
password provided
user name provided
password provided
user name provided
password provided
Username is provided
Password is provided
Url is opened
Username Entered
Password Entered
Login Test Passed
user name provided
password provided
user name provided
password provided
Login Passed
user name provided
password provided
user name provided
password provided
user name provided
password provided
user name provided
password provided
user name provided
password provided
Username is provided
Password is provided
Url is opened
Username Entered
Password Entered
Login Test Passed
user name provided
password provided
user name provided
password provided
Login Passed
user name provided
password provided
user name provided
password provided
user name provided
password provided
user name provided
password provided
user name provided
password provided
Username is provided
Password is provided
Url is opened
Username Entered
Password Entered
Login Test Passed
user name provided
password provided
user name provided
password provided
Login Passed
user name provided
password provided
user name provided
password provided
user name provided
password provided
user name provided
password provided
user name provided
password provided
Username is provided
Password is provided
Url is opened
Username Entered
Password Entered
Login Test Passed
Username is provided
Password is provided
Url is opened
Username Entered
Password Entered
Login Test Passed
Username is provided
Password is provided
Url is opened
Username Entered
Password Entered
Login Test Passed
Username is provided
Password is provided
Url is opened
Username Entered
Password Entered
Login Test Passed
Username is provided
Password is provided
Url is opened
Username Entered
Password Entered
Login Test Passed
Username is provided
Password is provided
Url is opened
Username Entered
Password Entered
Login Test Passed
Username is provided
Password is provided
Username is provided
Password is provided
Username is provided
Password is provided
Url is opened
Username Entered
Password Entered
Login Test Passed
user name provided
password provided
user name provided
password provided
Login Passed
user name provided
password provided
user name provided
password provided
user name provided
password provided
user name provided
password provided
user name provided
password provided
Url is opened
Username Entered
Password Entered
Login Test Passed
user name provided
password provided
user name provided
password provided
Login Passed
user name provided
password provided
user name provided
password provided
user name provided
password provided
user name provided
password provided
user name provided
password provided
